GROUP,PACKAGE,CLASS,INSTRUCTION_MISSED,INSTRUCTION_COVERED,BRANCH_MISSED,BRANCH_COVERED,LINE_MISSED,LINE_COVERED,COMPLEXITY_MISSED,COMPLEXITY_COVERED,METHOD_MISSED,METHOD_COVERED
database,pe.edu.vallegrande.database.service,FamilyService,348,183,35,5,80,47,36,19,18,17
database,pe.edu.vallegrande.database.service,FamilyMapper,162,3,8,0,45,1,7,1,3,1
database,pe.edu.vallegrande.database.service,AdmissionReasonService,52,6,0,0,14,3,5,1,5,1
database,pe.edu.vallegrande.database.controller,FamilyController,19,115,1,1,4,30,2,13,1,13
database,pe.edu.vallegrande.database.controller,AdmissionReasonController,9,6,0,0,2,3,2,1,2,1
