<?xml version="1.0" encoding="UTF-8"?>
<testsuite xmlns:xsi="http://www.w3.org/2001/XMLSchema-instance" xsi:noNamespaceSchemaLocation="https://maven.apache.org/surefire/maven-surefire-plugin/xsd/surefire-test-report-3.0.xsd" version="3.0" name="pe.edu.vallegrande.database.DatabaseApplicationTests" time="10.205" tests="1" errors="0" skipped="0" failures="0">
  <properties>
[...]
</properties>
  <testcase name="contextLoads" classname="pe.edu.vallegrande.database.DatabaseApplicationTests" time="2.164">
    <system-out><![CDATA[05:07:33.060 [main] INFO org.springframework.test.context.support.AnnotationConfigContextLoaderUtils -- Could not detect default configuration classes for test class [pe.edu.vallegrande.database.DatabaseApplicationTests]: DatabaseApplicationTests does not declare any static, non-private, non-final, nested classes annotated with @Configuration.
05:07:33.282 [main] INFO org.springframework.boot.test.context.SpringBootTestContextBootstrapper -- Found @SpringBootConfiguration pe.edu.vallegrande.database.DatabaseApplication for test class pe.edu.vallegrande.database.DatabaseApplicationTests

  .   ____          _            __ _ _
 /\\ / ___'_ __ _ _(_)_ __  __ _ \ \ \ \
( ( )\___ | '_ | '_| | '_ \/ _` | \ \ \ \
 \\/  ___)| |_)| | | | | || (_| |  ) ) ) )
  '  |____| .__|_| |_|_| |_\__, | / / / /
 =========|_|==============|___/=/_/_/_/

 :: Spring Boot ::                (v3.3.5)

2025-07-06T05:07:34.393Z  INFO 66085 --- [vg-ms-person] [           main] p.e.v.database.DatabaseApplicationTests  : Starting DatabaseApplicationTests using Java 17.0.11 with PID 66085 (started by codespace in /workspaces/vg-ms-project)
2025-07-06T05:07:34.397Z  INFO 66085 --- [vg-ms-person] [           main] p.e.v.database.DatabaseApplicationTests  : No active profile set, falling back to 1 default profile: "default"
2025-07-06T05:07:36.576Z  INFO 66085 --- [vg-ms-person] [           main] .s.d.r.c.RepositoryConfigurationDelegate : Bootstrapping Spring Data R2DBC repositories in DEFAULT mode.
2025-07-06T05:07:36.951Z  INFO 66085 --- [vg-ms-person] [           main] .s.d.r.c.RepositoryConfigurationDelegate : Finished Spring Data repository scanning in 349 ms. Found 1 R2DBC repository interface.
2025-07-06T05:07:37.852Z DEBUG 66085 --- [vg-ms-person] [           main] io.r2dbc.postgresql.Extensions           : Discovering Extensions using ServiceLoader
2025-07-06T05:07:37.854Z DEBUG 66085 --- [vg-ms-person] [           main] io.r2dbc.postgresql.Extensions           : Registering extension io.r2dbc.postgresql.codec.BuiltinDynamicCodecs
2025-07-06T05:07:40.082Z  INFO 66085 --- [vg-ms-person] [           main] o.a.k.clients.consumer.ConsumerConfig    : ConsumerConfig values: 
	allow.auto.create.topics = true
	auto.commit.interval.ms = 5000
	auto.include.jmx.reporter = true
	auto.offset.reset = earliest
	bootstrap.servers = [pkc-921jm.us-east-2.aws.confluent.cloud:9092]
	check.crcs = true
	client.dns.lookup = use_all_dns_ips
	client.id = consumer-person-service-group-1
	client.rack = 
	connections.max.idle.ms = 540000
	default.api.timeout.ms = 60000
	enable.auto.commit = false
	enable.metrics.push = true
	exclude.internal.topics = true
	fetch.max.bytes = 52428800
	fetch.max.wait.ms = 500
	fetch.min.bytes = 1
	group.id = person-service-group
	group.instance.id = null
	group.protocol = classic
	group.remote.assignor = null
	heartbeat.interval.ms = 3000
	interceptor.classes = []
	internal.leave.group.on.close = true
	internal.throw.on.fetch.stable.offset.unsupported = false
	isolation.level = read_uncommitted
	key.deserializer = class org.apache.kafka.common.serialization.StringDeserializer
	max.partition.fetch.bytes = 1048576
	max.poll.interval.ms = 300000
	max.poll.records = 500
	metadata.max.age.ms = 300000
	metric.reporters = []
	metrics.num.samples = 2
	metrics.recording.level = INFO
	metrics.sample.window.ms = 30000
	partition.assignment.strategy = [class org.apache.kafka.clients.consumer.RangeAssignor, class org.apache.kafka.clients.consumer.CooperativeStickyAssignor]
	receive.buffer.bytes = 65536
	reconnect.backoff.max.ms = 1000
	reconnect.backoff.ms = 50
	request.timeout.ms = 30000
	retry.backoff.max.ms = 1000
	retry.backoff.ms = 100
	sasl.client.callback.handler.class = null
	sasl.jaas.config = [hidden]
	sasl.kerberos.kinit.cmd = /usr/bin/kinit
	sasl.kerberos.min.time.before.relogin = 60000
	sasl.kerberos.service.name = null
	sasl.kerberos.ticket.renew.jitter = 0.05
	sasl.kerberos.ticket.renew.window.factor = 0.8
	sasl.login.callback.handler.class = null
	sasl.login.class = null
	sasl.login.connect.timeout.ms = null
	sasl.login.read.timeout.ms = null
	sasl.login.refresh.buffer.seconds = 300
	sasl.login.refresh.min.period.seconds = 60
	sasl.login.refresh.window.factor = 0.8
	sasl.login.refresh.window.jitter = 0.05
	sasl.login.retry.backoff.max.ms = 10000
	sasl.login.retry.backoff.ms = 100
	sasl.mechanism = PLAIN
	sasl.oauthbearer.clock.skew.seconds = 30
	sasl.oauthbearer.expected.audience = null
	sasl.oauthbearer.expected.issuer = null
	sasl.oauthbearer.jwks.endpoint.refresh.ms = 3600000
	sasl.oauthbearer.jwks.endpoint.retry.backoff.max.ms = 10000
	sasl.oauthbearer.jwks.endpoint.retry.backoff.ms = 100
	sasl.oauthbearer.jwks.endpoint.url = null
	sasl.oauthbearer.scope.claim.name = scope
	sasl.oauthbearer.sub.claim.name = sub
	sasl.oauthbearer.token.endpoint.url = null
	security.protocol = SASL_SSL
	security.providers = null
	send.buffer.bytes = 131072
	session.timeout.ms = 45000
	socket.connection.setup.timeout.max.ms = 30000
	socket.connection.setup.timeout.ms = 10000
	ssl.cipher.suites = null
	ssl.enabled.protocols = [TLSv1.2, TLSv1.3]
	ssl.endpoint.identification.algorithm = https
	ssl.engine.factory.class = null
	ssl.key.password = null
	ssl.keymanager.algorithm = SunX509
	ssl.keystore.certificate.chain = null
	ssl.keystore.key = null
	ssl.keystore.location = null
	ssl.keystore.password = null
	ssl.keystore.type = JKS
	ssl.protocol = TLSv1.3
	ssl.provider = null
	ssl.secure.random.implementation = null
	ssl.trustmanager.algorithm = PKIX
	ssl.truststore.certificates = null
	ssl.truststore.location = null
	ssl.truststore.password = null
	ssl.truststore.type = JKS
	value.deserializer = class org.springframework.kafka.support.serializer.JsonDeserializer

2025-07-06T05:07:40.174Z  INFO 66085 --- [vg-ms-person] [           main] o.a.k.c.t.i.KafkaMetricsCollector        : initializing Kafka metrics collector
2025-07-06T05:07:40.370Z  INFO 66085 --- [vg-ms-person] [           main] o.a.k.c.s.authenticator.AbstractLogin    : Successfully logged in.
2025-07-06T05:07:40.616Z  INFO 66085 --- [vg-ms-person] [           main] o.a.kafka.common.utils.AppInfoParser     : Kafka version: 3.7.1
2025-07-06T05:07:40.616Z  INFO 66085 --- [vg-ms-person] [           main] o.a.kafka.common.utils.AppInfoParser     : Kafka commitId: e2494e6ffb89f828
2025-07-06T05:07:40.616Z  INFO 66085 --- [vg-ms-person] [           main] o.a.kafka.common.utils.AppInfoParser     : Kafka startTimeMs: 1751778460614
2025-07-06T05:07:40.633Z  INFO 66085 --- [vg-ms-person] [           main] o.a.k.c.c.internals.LegacyKafkaConsumer  : [Consumer clientId=consumer-person-service-group-1, groupId=person-service-group] Subscribed to topic(s): family-events
2025-07-06T05:07:40.679Z  INFO 66085 --- [vg-ms-person] [           main] p.e.v.database.DatabaseApplicationTests  : Started DatabaseApplicationTests in 7.105 seconds (process running for 9.854)
]]></system-out>
  </testcase>
</testsuite>