<?xml version="1.0" encoding="UTF-8"?>
<testsuite xmlns:xsi="http://www.w3.org/2001/XMLSchema-instance" xsi:noNamespaceSchemaLocation="https://maven.apache.org/surefire/maven-surefire-plugin/xsd/surefire-test-report-3.0.xsd" version="3.0" name="pe.edu.vallegrande.database.service.FamilyServiceTest" time="0.859" tests="10" errors="0" skipped="0" failures="0">
  <properties>
[...]
</properties>
  <testcase name="findById_NonExistingFamily_ShouldCompleteEmpty" classname="pe.edu.vallegrande.database.service.FamilyServiceTest" time="0.645"/>
  <testcase name="findAllActive_ShouldReturnActiveFamiliesOrderedById" classname="pe.edu.vallegrande.database.service.FamilyServiceTest" time="0.05"/>
  <testcase name="mapToFamilyDTO_WithoutServices_ShouldReturnBasicFamilyDTO" classname="pe.edu.vallegrande.database.service.FamilyServiceTest" time="0.015"/>
  <testcase name="mapToFamilyDTO_WithAllServices_ShouldReturnCompleteFamilyDTO" classname="pe.edu.vallegrande.database.service.FamilyServiceTest" time="0.021"/>
  <testcase name="changeStatus_NonExistingFamily_ShouldThrowException" classname="pe.edu.vallegrande.database.service.FamilyServiceTest" time="0.012"/>
  <testcase name="findAllInactive_ShouldReturnInactiveFamilies" classname="pe.edu.vallegrande.database.service.FamilyServiceTest" time="0.037"/>
  <testcase name="activeFamily_ExistingFamily_ShouldSetStatusToActive" classname="pe.edu.vallegrande.database.service.FamilyServiceTest" time="0.018"/>
  <testcase name="deleteFamily_ExistingFamily_ShouldSetStatusToInactive" classname="pe.edu.vallegrande.database.service.FamilyServiceTest" time="0.008"/>
  <testcase name="findById_ExistingFamily_ShouldReturnFamilyDTO" classname="pe.edu.vallegrande.database.service.FamilyServiceTest" time="0.008"/>
  <testcase name="findDetailById_ShouldReturnSameAsFindById" classname="pe.edu.vallegrande.database.service.FamilyServiceTest" time="0.007"/>
</testsuite>